
 ⛅️ wrangler 3.114.10 (update available 4.23.0)
-----------------------------------------------

[33m▲ [43;33m[[43;30mWARNING[43;33m][0m [1mThe version of Wrangler you are using is now out-of-date.[0m

  Please update to the latest version to prevent critical errors.
  Run `npm install --save-dev wrangler@4` to update to the latest version.
  After installation, run Wrangler with `npx wrangler`.


Your Worker and resources are simulated locally via Miniflare. For more information, see: https://developers.cloudflare.com/workers/testing/local-development.

Your worker has access to the following bindings:
- Durable Objects:
  - WEBSOCKET_SERVER: WebSocketServer
⎔ Starting local server...
[wrangler:inf] Ready on http://localhost:61543
[31m✘ [41;31m[[41;97mERROR[41;31m][0m [1mBuild failed with 4 errors:[0m

  [31m✘ [41;31m[[41;97mERROR[41;31m][0m [1mCould not resolve "/Users/broux/Projects/durable-object-websocket/node_modules/wrangler/templates/modules-watch-stub.js"[0m
  
  
  [31m✘ [41;31m[[41;97mERROR[41;31m][0m [1mCould not resolve "/Users/broux/Projects/durable-object-websocket/node_modules/wrangler/templates/middleware/middleware-ensure-req-body-drained.ts"[0m
  
      .wrangler/tmp/bundle-gmhUMf/middleware-insertion-facade.js:2:38:
  [37m      2 │ ...E_0__ from [32m"/Users/broux/Projects/durable-object-websocket/node_[37m...
          ╵               [32m~~~~~~~~~~~~~~~~~~~~~~~~~~~~~~~~~~~~~~~~~~~~~~~~~~~~~[0m
  
  
  [31m✘ [41;31m[[41;97mERROR[41;31m][0m [1mCould not resolve "/Users/broux/Projects/durable-object-websocket/node_modules/wrangler/templates/middleware/middleware-miniflare3-json-error.ts"[0m
  
      .wrangler/tmp/bundle-gmhUMf/middleware-insertion-facade.js:3:34:
  [37m      3 │ ...E_1__ from [32m"/Users/broux/Projects/durable-object-websocket/node_[37m...
          ╵               [32m~~~~~~~~~~~~~~~~~~~~~~~~~~~~~~~~~~~~~~~~~~~~~~~~~~~~~[0m
  
  
  [31m✘ [41;31m[[41;97mERROR[41;31m][0m [1mCould not resolve "/Users/broux/Projects/durable-object-websocket/node_modules/wrangler/templates/middleware/common.ts"[0m
  
      .wrangler/tmp/bundle-gmhUMf/middleware-loader.entry.ts:7:67:
  [37m      7 │ ...her } from [32m"/Users/broux/Projects/durable-object-websocket/node_[37m...
          ╵               [32m~~~~~~~~~~~~~~~~~~~~~~~~~~~~~~~~~~~~~~~~~~~~~~~~~~~~~[0m
  
  


[31m✘ [41;31m[[41;97mERROR[41;31m][0m [1mBuild failed with 4 errors:[0m

  [31m✘ [41;31m[[41;97mERROR[41;31m][0m [1mCould not resolve "/Users/broux/Projects/durable-object-websocket/node_modules/wrangler/templates/modules-watch-stub.js"[0m
  
  
  [31m✘ [41;31m[[41;97mERROR[41;31m][0m [1mCould not resolve "/Users/broux/Projects/durable-object-websocket/node_modules/wrangler/templates/middleware/middleware-ensure-req-body-drained.ts"[0m
  
      .wrangler/tmp/bundle-gmhUMf/middleware-insertion-facade.js:2:38:
  [37m      2 │ ...E_0__ from [32m"/Users/broux/Projects/durable-object-websocket/node_[37m...
          ╵               [32m~~~~~~~~~~~~~~~~~~~~~~~~~~~~~~~~~~~~~~~~~~~~~~~~~~~~~[0m
  
  
  [31m✘ [41;31m[[41;97mERROR[41;31m][0m [1mCould not resolve "/Users/broux/Projects/durable-object-websocket/node_modules/wrangler/templates/middleware/middleware-miniflare3-json-error.ts"[0m
  
      .wrangler/tmp/bundle-gmhUMf/middleware-insertion-facade.js:3:34:
  [37m      3 │ ...E_1__ from [32m"/Users/broux/Projects/durable-object-websocket/node_[37m...
          ╵               [32m~~~~~~~~~~~~~~~~~~~~~~~~~~~~~~~~~~~~~~~~~~~~~~~~~~~~~[0m
  
  
  [31m✘ [41;31m[[41;97mERROR[41;31m][0m [1mCould not resolve "/Users/broux/Projects/durable-object-websocket/node_modules/wrangler/templates/middleware/common.ts"[0m
  
      .wrangler/tmp/bundle-gmhUMf/middleware-loader.entry.ts:7:67:
  [37m      7 │ ...her } from [32m"/Users/broux/Projects/durable-object-websocket/node_[37m...
          ╵               [32m~~~~~~~~~~~~~~~~~~~~~~~~~~~~~~~~~~~~~~~~~~~~~~~~~~~~~[0m
  
  


⎔ Reloading local server...

[31m✘ [41;31m[[41;97mERROR[41;31m][0m [1mspawn Unknown system error -88[0m


[32mIf you think this is a bug then please create an issue at https://github.com/cloudflare/workers-sdk/issues/new/choose[0m
Note that there is a newer version of Wrangler available (4.23.0). Consider checking whether upgrading resolves this error.
? Would you like to report this error to Cloudflare? Wrangler's output and the error details will be shared with the Wrangler team to help us diagnose and fix the issue.
🤖 Using fallback value in non-interactive context: no
🪵  Logs were written to "/Users/broux/Library/Preferences/.wrangler/logs/wrangler-2025-07-03_21-55-20_789.log"
